# JRE version: Java(TM) SE Runtime Environment (8.0_111-b14) (build 1.8.0_111-b14)
# Java VM: Java HotSpot(TM) 64-Bit Server VM (25.111-b14 mixed mode bsd-amd64 compressed oops)
Heap:
 PSYoungGen      total 24064K, used 5626K [0x00000007aab00000, 0x00000007aca00000, 0x00000007c0000000)
  eden space 16384K, 25% used [0x00000007aab00000,0x00000007aaf0eb88,0x00000007abb00000)
  from space 7680K, 19% used [0x00000007ac280000,0x00000007ac3f0000,0x00000007aca00000)
  to   space 7680K, 0% used [0x00000007abb00000,0x00000007abb00000,0x00000007ac280000)
 ParOldGen       total 30720K, used 9352K [0x0000000780000000, 0x0000000781e00000, 0x00000007aab00000)
  object space 30720K, 30% used [0x0000000780000000,0x0000000780922048,0x0000000781e00000)
 Metaspace       used 23435K, capacity 24828K, committed 25216K, reserved 1071104K
  class space    used 3550K, capacity 3841K, committed 3968K, reserved 1048576K
GC Heap History (10 events):
Event: 32.976 GC heap before
{Heap before GC invocations=3 (full 0):
 PSYoungGen      total 18944K, used 18912K [0x00000007aab00000, 0x00000007ac000000, 0x00000007c0000000)
  eden space 16384K, 100% used [0x00000007aab00000,0x00000007abb00000,0x00000007abb00000)
  from space 2560K, 98% used [0x00000007abd80000,0x00000007abff8040,0x00000007ac000000)
  to   space 2560K, 0% used [0x00000007abb00000,0x00000007abb00000,0x00000007abd80000)
 ParOldGen       total 44032K, used 548K [0x0000000780000000, 0x0000000782b00000, 0x00000007aab00000)
  object space 44032K, 1% used [0x0000000780000000,0x00000007800893f8,0x0000000782b00000)
 Metaspace       used 14698K, capacity 15124K, committed 15360K, reserved 1062912K
  class space    used 2096K, capacity 2219K, committed 2304K, reserved 1048576K
Event: 33.008 GC heap after
Heap after GC invocations=3 (full 0):
 PSYoungGen      total 18944K, used 2528K [0x00000007aab00000, 0x00000007ac000000, 0x00000007c0000000)
  eden space 16384K, 0% used [0x00000007aab00000,0x00000007aab00000,0x00000007abb00000)
  from space 2560K, 98% used [0x00000007abb00000,0x00000007abd78020,0x00000007abd80000)
  to   space 2560K, 0% used [0x00000007abd80000,0x00000007abd80000,0x00000007ac000000)
 ParOldGen       total 44032K, used 2467K [0x0000000780000000, 0x0000000782b00000, 0x00000007aab00000)
  object space 44032K, 5% used [0x0000000780000000,0x0000000780268d08,0x0000000782b00000)
 Metaspace       used 14698K, capacity 15124K, committed 15360K, reserved 1062912K
  class space    used 2096K, capacity 2219K, committed 2304K, reserved 1048576K
}
Event: 40.027 GC heap before
{Heap before GC invocations=4 (full 0):
 PSYoungGen      total 18944K, used 18912K [0x00000007aab00000, 0x00000007ac000000, 0x00000007c0000000)
  eden space 16384K, 100% used [0x00000007aab00000,0x00000007abb00000,0x00000007abb00000)
  from space 2560K, 98% used [0x00000007abb00000,0x00000007abd78020,0x00000007abd80000)
  to   space 2560K, 0% used [0x00000007abd80000,0x00000007abd80000,0x00000007ac000000)
 ParOldGen       total 44032K, used 2467K [0x0000000780000000, 0x0000000782b00000, 0x00000007aab00000)
  object space 44032K, 5% used [0x0000000780000000,0x0000000780268d08,0x0000000782b00000)
 Metaspace       used 18665K, capacity 19376K, committed 19712K, reserved 1067008K
  class space    used 2787K, capacity 2979K, committed 3072K, reserved 1048576K
Event: 40.082 GC heap after
Heap after GC invocations=4 (full 0):
 PSYoungGen      total 18944K, used 2544K [0x00000007aab00000, 0x00000007ac000000, 0x00000007c0000000)
  eden space 16384K, 0% used [0x00000007aab00000,0x00000007aab00000,0x00000007abb00000)
  from space 2560K, 99% used [0x00000007abd80000,0x00000007abffc030,0x00000007ac000000)
  to   space 2560K, 0% used [0x00000007abb00000,0x00000007abb00000,0x00000007abd80000)
 ParOldGen       total 44032K, used 7004K [0x0000000780000000, 0x0000000782b00000, 0x00000007aab00000)
  object space 44032K, 15% used [0x0000000780000000,0x00000007806d70c8,0x0000000782b00000)
 Metaspace       used 18665K, capacity 19376K, committed 19712K, reserved 1067008K
  class space    used 2787K, capacity 2979K, committed 3072K, reserved 1048576K
}
Event: 42.326 GC heap before
{Heap before GC invocations=5 (full 0):
 PSYoungGen      total 18944K, used 9102K [0x00000007aab00000, 0x00000007ac000000, 0x00000007c0000000)
  eden space 16384K, 40% used [0x00000007aab00000,0x00000007ab167a60,0x00000007abb00000)
  from space 2560K, 99% used [0x00000007abd80000,0x00000007abffc030,0x00000007ac000000)
  to   space 2560K, 0% used [0x00000007abb00000,0x00000007abb00000,0x00000007abd80000)
 ParOldGen       total 44032K, used 7004K [0x0000000780000000, 0x0000000782b00000, 0x00000007aab00000)
  object space 44032K, 15% used [0x0000000780000000,0x00000007806d70c8,0x0000000782b00000)
 Metaspace       used 20395K, capacity 21238K, committed 21248K, reserved 1067008K
  class space    used 3120K, capacity 3326K, committed 3328K, reserved 1048576K
Event: 42.347 GC heap after
Heap after GC invocations=5 (full 0):
 PSYoungGen      total 18944K, used 2544K [0x00000007aab00000, 0x00000007aca00000, 0x00000007c0000000)
  eden space 16384K, 0% used [0x00000007aab00000,0x00000007aab00000,0x00000007abb00000)
  from space 2560K, 99% used [0x00000007abb00000,0x00000007abd7c030,0x00000007abd80000)
  to   space 7680K, 0% used [0x00000007ac280000,0x00000007ac280000,0x00000007aca00000)
 ParOldGen       total 44032K, used 7516K [0x0000000780000000, 0x0000000782b00000, 0x00000007aab00000)
  object space 44032K, 17% used [0x0000000780000000,0x00000007807570c8,0x0000000782b00000)
 Metaspace       used 20395K, capacity 21238K, committed 21248K, reserved 1067008K
  class space    used 3120K, capacity 3326K, committed 3328K, reserved 1048576K
}
Event: 42.347 GC heap before
{Heap before GC invocations=6 (full 1):
 PSYoungGen      total 18944K, used 2544K [0x00000007aab00000, 0x00000007aca00000, 0x00000007c0000000)
  eden space 16384K, 0% used [0x00000007aab00000,0x00000007aab00000,0x00000007abb00000)
  from space 2560K, 99% used [0x00000007abb00000,0x00000007abd7c030,0x00000007abd80000)
  to   space 7680K, 0% used [0x00000007ac280000,0x00000007ac280000,0x00000007aca00000)
 ParOldGen       total 44032K, used 7516K [0x0000000780000000, 0x0000000782b00000, 0x00000007aab00000)
  object space 44032K, 17% used [0x0000000780000000,0x00000007807570c8,0x0000000782b00000)
 Metaspace       used 20395K, capacity 21238K, committed 21248K, reserved 1067008K
  class space    used 3120K, capacity 3326K, committed 3328K, reserved 1048576K
Event: 42.514 GC heap after
Heap after GC invocations=6 (full 1):
 PSYoungGen      total 18944K, used 0K [0x00000007aab00000, 0x00000007aca00000, 0x00000007c0000000)
  eden space 16384K, 0% used [0x00000007aab00000,0x00000007aab00000,0x00000007abb00000)
  from space 2560K, 0% used [0x00000007abb00000,0x00000007abb00000,0x00000007abd80000)
  to   space 7680K, 0% used [0x00000007ac280000,0x00000007ac280000,0x00000007aca00000)
 ParOldGen       total 30720K, used 9344K [0x0000000780000000, 0x0000000781e00000, 0x00000007aab00000)
  object space 30720K, 30% used [0x0000000780000000,0x0000000780920048,0x0000000781e00000)
 Metaspace       used 20395K, capacity 21238K, committed 21248K, reserved 1067008K
  class space    used 3120K, capacity 3326K, committed 3328K, reserved 1048576K
}
Event: 106.688 GC heap before
{Heap before GC invocations=7 (full 1):
 PSYoungGen      total 18944K, used 16384K [0x00000007aab00000, 0x00000007aca00000, 0x00000007c0000000)
  eden space 16384K, 100% used [0x00000007aab00000,0x00000007abb00000,0x00000007abb00000)
  from space 2560K, 0% used [0x00000007abb00000,0x00000007abb00000,0x00000007abd80000)
  to   space 7680K, 0% used [0x00000007ac280000,0x00000007ac280000,0x00000007aca00000)
 ParOldGen       total 30720K, used 9344K [0x0000000780000000, 0x0000000781e00000, 0x00000007aab00000)
  object space 30720K, 30% used [0x0000000780000000,0x0000000780920048,0x0000000781e00000)
 Metaspace       used 23357K, capacity 24764K, committed 24960K, reserved 1071104K
  class space    used 3550K, capacity 3841K, committed 3968K, reserved 1048576K
Event: 106.702 GC heap after
Heap after GC invocations=7 (full 1):
 PSYoungGen      total 24064K, used 1472K [0x00000007aab00000, 0x00000007aca00000, 0x00000007c0000000)
  eden space 16384K, 0% used [0x00000007aab00000,0x00000007aab00000,0x00000007abb00000)
  from space 7680K, 19% used [0x00000007ac280000,0x00000007ac3f0000,0x00000007aca00000)
  to   space 7680K, 0% used [0x00000007abb00000,0x00000007abb00000,0x00000007ac280000)
 ParOldGen       total 30720K, used 9352K [0x0000000780000000, 0x0000000781e00000, 0x00000007aab00000)
  object space 30720K, 30% used [0x0000000780000000,0x0000000780922048,0x0000000781e00000)
 Metaspace       used 23357K, capacity 24764K, committed 24960K, reserved 1071104K
  class space    used 3550K, capacity 3841K, committed 3968K, reserved 1048576K
}

