# JRE version: Java(TM) SE Runtime Environment (8.0_111-b14) (build 1.8.0_111-b14)
# Java VM: Java HotSpot(TM) 64-Bit Server VM (25.111-b14 mixed mode bsd-amd64 compressed oops)
Heap:
 PSYoungGen      total 24064K, used 12674K [0x00000007aab00000, 0x00000007aca00000, 0x00000007c0000000)
  eden space 16384K, 68% used [0x00000007aab00000,0x00000007ab600b88,0x00000007abb00000)
  from space 7680K, 18% used [0x00000007abb00000,0x00000007abc60000,0x00000007ac280000)
  to   space 7680K, 0% used [0x00000007ac280000,0x00000007ac280000,0x00000007aca00000)
 ParOldGen       total 29696K, used 8910K [0x0000000780000000, 0x0000000781d00000, 0x00000007aab00000)
  object space 29696K, 30% used [0x0000000780000000,0x00000007808b38b0,0x0000000781d00000)
 Metaspace       used 23507K, capacity 24964K, committed 25136K, reserved 1071104K
  class space    used 3555K, capacity 3843K, committed 3888K, reserved 1048576K
GC Heap History (10 events):
Event: 34.101 GC heap before
{Heap before GC invocations=4 (full 0):
 PSYoungGen      total 18944K, used 18912K [0x00000007aab00000, 0x00000007ac000000, 0x00000007c0000000)
  eden space 16384K, 100% used [0x00000007aab00000,0x00000007abb00000,0x00000007abb00000)
  from space 2560K, 98% used [0x00000007abb00000,0x00000007abd78040,0x00000007abd80000)
  to   space 2560K, 0% used [0x00000007abd80000,0x00000007abd80000,0x00000007ac000000)
 ParOldGen       total 44032K, used 2374K [0x0000000780000000, 0x0000000782b00000, 0x00000007aab00000)
  object space 44032K, 5% used [0x0000000780000000,0x00000007802518b0,0x0000000782b00000)
 Metaspace       used 18592K, capacity 19244K, committed 19456K, reserved 1064960K
  class space    used 2791K, capacity 2979K, committed 3072K, reserved 1048576K
Event: 34.129 GC heap after
Heap after GC invocations=4 (full 0):
 PSYoungGen      total 18944K, used 2528K [0x00000007aab00000, 0x00000007ac000000, 0x00000007c0000000)
  eden space 16384K, 0% used [0x00000007aab00000,0x00000007aab00000,0x00000007abb00000)
  from space 2560K, 98% used [0x00000007abd80000,0x00000007abff8030,0x00000007ac000000)
  to   space 2560K, 0% used [0x00000007abb00000,0x00000007abb00000,0x00000007abd80000)
 ParOldGen       total 44032K, used 6881K [0x0000000780000000, 0x0000000782b00000, 0x00000007aab00000)
  object space 44032K, 15% used [0x0000000780000000,0x00000007806b87f8,0x0000000782b00000)
 Metaspace       used 18592K, capacity 19244K, committed 19456K, reserved 1064960K
  class space    used 2791K, capacity 2979K, committed 3072K, reserved 1048576K
}
Event: 35.560 GC heap before
{Heap before GC invocations=5 (full 0):
 PSYoungGen      total 18944K, used 9258K [0x00000007aab00000, 0x00000007ac000000, 0x00000007c0000000)
  eden space 16384K, 41% used [0x00000007aab00000,0x00000007ab192b70,0x00000007abb00000)
  from space 2560K, 98% used [0x00000007abd80000,0x00000007abff8030,0x00000007ac000000)
  to   space 2560K, 0% used [0x00000007abb00000,0x00000007abb00000,0x00000007abd80000)
 ParOldGen       total 44032K, used 6881K [0x0000000780000000, 0x0000000782b00000, 0x00000007aab00000)
  object space 44032K, 15% used [0x0000000780000000,0x00000007806b87f8,0x0000000782b00000)
 Metaspace       used 20450K, capacity 21270K, committed 21296K, reserved 1067008K
  class space    used 3138K, capacity 3358K, committed 3376K, reserved 1048576K
Event: 35.573 GC heap after
Heap after GC invocations=5 (full 0):
 PSYoungGen      total 18944K, used 2080K [0x00000007aab00000, 0x00000007aca00000, 0x00000007c0000000)
  eden space 16384K, 0% used [0x00000007aab00000,0x00000007aab00000,0x00000007abb00000)
  from space 2560K, 81% used [0x00000007abb00000,0x00000007abd08040,0x00000007abd80000)
  to   space 7680K, 0% used [0x00000007ac280000,0x00000007ac280000,0x00000007aca00000)
 ParOldGen       total 44032K, used 7914K [0x0000000780000000, 0x0000000782b00000, 0x00000007aab00000)
  object space 44032K, 17% used [0x0000000780000000,0x00000007807ba808,0x0000000782b00000)
 Metaspace       used 20450K, capacity 21270K, committed 21296K, reserved 1067008K
  class space    used 3138K, capacity 3358K, committed 3376K, reserved 1048576K
}
Event: 35.573 GC heap before
{Heap before GC invocations=6 (full 1):
 PSYoungGen      total 18944K, used 2080K [0x00000007aab00000, 0x00000007aca00000, 0x00000007c0000000)
  eden space 16384K, 0% used [0x00000007aab00000,0x00000007aab00000,0x00000007abb00000)
  from space 2560K, 81% used [0x00000007abb00000,0x00000007abd08040,0x00000007abd80000)
  to   space 7680K, 0% used [0x00000007ac280000,0x00000007ac280000,0x00000007aca00000)
 ParOldGen       total 44032K, used 7914K [0x0000000780000000, 0x0000000782b00000, 0x00000007aab00000)
  object space 44032K, 17% used [0x0000000780000000,0x00000007807ba808,0x0000000782b00000)
 Metaspace       used 20450K, capacity 21270K, committed 21296K, reserved 1067008K
  class space    used 3138K, capacity 3358K, committed 3376K, reserved 1048576K
Event: 35.725 GC heap after
Heap after GC invocations=6 (full 1):
 PSYoungGen      total 18944K, used 0K [0x00000007aab00000, 0x00000007aca00000, 0x00000007c0000000)
  eden space 16384K, 0% used [0x00000007aab00000,0x00000007aab00000,0x00000007abb00000)
  from space 2560K, 0% used [0x00000007abb00000,0x00000007abb00000,0x00000007abd80000)
  to   space 7680K, 0% used [0x00000007ac280000,0x00000007ac280000,0x00000007aca00000)
 ParOldGen       total 29696K, used 8910K [0x0000000780000000, 0x0000000781d00000, 0x00000007aab00000)
  object space 29696K, 30% used [0x0000000780000000,0x00000007808b38b0,0x0000000781d00000)
 Metaspace       used 20450K, capacity 21270K, committed 21296K, reserved 1067008K
  class space    used 3138K, capacity 3358K, committed 3376K, reserved 1048576K
}
Event: 73.388 GC heap before
{Heap before GC invocations=7 (full 1):
 PSYoungGen      total 18944K, used 16384K [0x00000007aab00000, 0x00000007aca00000, 0x00000007c0000000)
  eden space 16384K, 100% used [0x00000007aab00000,0x00000007abb00000,0x00000007abb00000)
  from space 2560K, 0% used [0x00000007abb00000,0x00000007abb00000,0x00000007abd80000)
  to   space 7680K, 0% used [0x00000007ac280000,0x00000007ac280000,0x00000007aca00000)
 ParOldGen       total 29696K, used 8910K [0x0000000780000000, 0x0000000781d00000, 0x00000007aab00000)
  object space 29696K, 30% used [0x0000000780000000,0x00000007808b38b0,0x0000000781d00000)
 Metaspace       used 23284K, capacity 24696K, committed 24880K, reserved 1071104K
  class space    used 3553K, capacity 3841K, committed 3888K, reserved 1048576K
Event: 73.408 GC heap after
Heap after GC invocations=7 (full 1):
 PSYoungGen      total 24064K, used 1440K [0x00000007aab00000, 0x00000007aca00000, 0x00000007c0000000)
  eden space 16384K, 0% used [0x00000007aab00000,0x00000007aab00000,0x00000007abb00000)
  from space 7680K, 18% used [0x00000007ac280000,0x00000007ac3e8000,0x00000007aca00000)
  to   space 7680K, 0% used [0x00000007abb00000,0x00000007abb00000,0x00000007ac280000)
 ParOldGen       total 29696K, used 8910K [0x0000000780000000, 0x0000000781d00000, 0x00000007aab00000)
  object space 29696K, 30% used [0x0000000780000000,0x00000007808b38b0,0x0000000781d00000)
 Metaspace       used 23284K, capacity 24696K, committed 24880K, reserved 1071104K
  class space    used 3553K, capacity 3841K, committed 3888K, reserved 1048576K
}
Event: 99.198 GC heap before
{Heap before GC invocations=8 (full 1):
 PSYoungGen      total 24064K, used 17824K [0x00000007aab00000, 0x00000007aca00000, 0x00000007c0000000)
  eden space 16384K, 100% used [0x00000007aab00000,0x00000007abb00000,0x00000007abb00000)
  from space 7680K, 18% used [0x00000007ac280000,0x00000007ac3e8000,0x00000007aca00000)
  to   space 7680K, 0% used [0x00000007abb00000,0x00000007abb00000,0x00000007ac280000)
 ParOldGen       total 29696K, used 8910K [0x0000000780000000, 0x0000000781d00000, 0x00000007aab00000)
  object space 29696K, 30% used [0x0000000780000000,0x00000007808b38b0,0x0000000781d00000)
 Metaspace       used 23463K, capacity 24900K, committed 25136K, reserved 1071104K
  class space    used 3554K, capacity 3843K, committed 3888K, reserved 1048576K
Event: 99.228 GC heap after
Heap after GC invocations=8 (full 1):
 PSYoungGen      total 24064K, used 1408K [0x00000007aab00000, 0x00000007aca00000, 0x00000007c0000000)
  eden space 16384K, 0% used [0x00000007aab00000,0x00000007aab00000,0x00000007abb00000)
  from space 7680K, 18% used [0x00000007abb00000,0x00000007abc60000,0x00000007ac280000)
  to   space 7680K, 0% used [0x00000007ac280000,0x00000007ac280000,0x00000007aca00000)
 ParOldGen       total 29696K, used 8910K [0x0000000780000000, 0x0000000781d00000, 0x00000007aab00000)
  object space 29696K, 30% used [0x0000000780000000,0x00000007808b38b0,0x0000000781d00000)
 Metaspace       used 23463K, capacity 24900K, committed 25136K, reserved 1071104K
  class space    used 3554K, capacity 3843K, committed 3888K, reserved 1048576K
}

