# JRE version: Java(TM) SE Runtime Environment (8.0_111-b14) (build 1.8.0_111-b14)
# Java VM: Java HotSpot(TM) 64-Bit Server VM (25.111-b14 mixed mode bsd-amd64 compressed oops)
Heap:
 PSYoungGen      total 23552K, used 12593K [0x00000007aab00000, 0x00000007acd00000, 0x00000007c0000000)
  eden space 21504K, 49% used [0x00000007aab00000,0x00000007ab574608,0x00000007ac000000)
  from space 2048K, 92% used [0x00000007ac000000,0x00000007ac1d8000,0x00000007ac200000)
  to   space 6656K, 0% used [0x00000007ac680000,0x00000007ac680000,0x00000007acd00000)
 ParOldGen       total 38912K, used 8928K [0x0000000780000000, 0x0000000782600000, 0x00000007aab00000)
  object space 38912K, 22% used [0x0000000780000000,0x00000007808b83b0,0x0000000782600000)
 Metaspace       used 24198K, capacity 25698K, committed 25728K, reserved 1071104K
  class space    used 3649K, capacity 3944K, committed 3968K, reserved 1048576K
GC Heap History (10 events):
Event: 81.525 GC heap before
{Heap before GC invocations=8 (full 1):
 PSYoungGen      total 24064K, used 17920K [0x00000007aab00000, 0x00000007ad080000, 0x00000007c0000000)
  eden space 16384K, 100% used [0x00000007aab00000,0x00000007abb00000,0x00000007abb00000)
  from space 7680K, 20% used [0x00000007ac280000,0x00000007ac400000,0x00000007aca00000)
  to   space 7680K, 0% used [0x00000007abb00000,0x00000007abb00000,0x00000007ac280000)
 ParOldGen       total 38912K, used 8912K [0x0000000780000000, 0x0000000782600000, 0x00000007aab00000)
  object space 38912K, 22% used [0x0000000780000000,0x00000007808b43b0,0x0000000782600000)
 Metaspace       used 23618K, capacity 25040K, committed 25216K, reserved 1071104K
  class space    used 3564K, capacity 3853K, committed 3968K, reserved 1048576K
Event: 81.535 GC heap after
Heap after GC invocations=8 (full 1):
 PSYoungGen      total 24064K, used 1536K [0x00000007aab00000, 0x00000007acf80000, 0x00000007c0000000)
  eden space 16384K, 0% used [0x00000007aab00000,0x00000007aab00000,0x00000007abb00000)
  from space 7680K, 20% used [0x00000007abb00000,0x00000007abc80000,0x00000007ac280000)
  to   space 7680K, 0% used [0x00000007ac800000,0x00000007ac800000,0x00000007acf80000)
 ParOldGen       total 38912K, used 8920K [0x0000000780000000, 0x0000000782600000, 0x00000007aab00000)
  object space 38912K, 22% used [0x0000000780000000,0x00000007808b63b0,0x0000000782600000)
 Metaspace       used 23618K, capacity 25040K, committed 25216K, reserved 1071104K
  class space    used 3564K, capacity 3853K, committed 3968K, reserved 1048576K
}
Event: 132.177 GC heap before
{Heap before GC invocations=9 (full 1):
 PSYoungGen      total 24064K, used 17920K [0x00000007aab00000, 0x00000007acf80000, 0x00000007c0000000)
  eden space 16384K, 100% used [0x00000007aab00000,0x00000007abb00000,0x00000007abb00000)
  from space 7680K, 20% used [0x00000007abb00000,0x00000007abc80000,0x00000007ac280000)
  to   space 7680K, 0% used [0x00000007ac800000,0x00000007ac800000,0x00000007acf80000)
 ParOldGen       total 38912K, used 8920K [0x0000000780000000, 0x0000000782600000, 0x00000007aab00000)
  object space 38912K, 22% used [0x0000000780000000,0x00000007808b63b0,0x0000000782600000)
 Metaspace       used 23632K, capacity 25040K, committed 25216K, reserved 1071104K
  class space    used 3564K, capacity 3853K, committed 3968K, reserved 1048576K
Event: 132.187 GC heap after
Heap after GC invocations=9 (full 1):
 PSYoungGen      total 27648K, used 1504K [0x00000007aab00000, 0x00000007ace00000, 0x00000007c0000000)
  eden space 21504K, 0% used [0x00000007aab00000,0x00000007aab00000,0x00000007ac000000)
  from space 6144K, 24% used [0x00000007ac800000,0x00000007ac978000,0x00000007ace00000)
  to   space 7168K, 0% used [0x00000007ac000000,0x00000007ac000000,0x00000007ac700000)
 ParOldGen       total 38912K, used 8920K [0x0000000780000000, 0x0000000782600000, 0x00000007aab00000)
  object space 38912K, 22% used [0x0000000780000000,0x00000007808b63b0,0x0000000782600000)
 Metaspace       used 23632K, capacity 25040K, committed 25216K, reserved 1071104K
  class space    used 3564K, capacity 3853K, committed 3968K, reserved 1048576K
}
Event: 162.037 GC heap before
{Heap before GC invocations=10 (full 1):
 PSYoungGen      total 27648K, used 23008K [0x00000007aab00000, 0x00000007ace00000, 0x00000007c0000000)
  eden space 21504K, 100% used [0x00000007aab00000,0x00000007ac000000,0x00000007ac000000)
  from space 6144K, 24% used [0x00000007ac800000,0x00000007ac978000,0x00000007ace00000)
  to   space 7168K, 0% used [0x00000007ac000000,0x00000007ac000000,0x00000007ac700000)
 ParOldGen       total 38912K, used 8920K [0x0000000780000000, 0x0000000782600000, 0x00000007aab00000)
  object space 38912K, 22% used [0x0000000780000000,0x00000007808b63b0,0x0000000782600000)
 Metaspace       used 23640K, capacity 25052K, committed 25216K, reserved 1071104K
  class space    used 3565K, capacity 3855K, committed 3968K, reserved 1048576K
Event: 162.058 GC heap after
Heap after GC invocations=10 (full 1):
 PSYoungGen      total 28672K, used 1472K [0x00000007aab00000, 0x00000007ace00000, 0x00000007c0000000)
  eden space 21504K, 0% used [0x00000007aab00000,0x00000007aab00000,0x00000007ac000000)
  from space 7168K, 20% used [0x00000007ac000000,0x00000007ac170000,0x00000007ac700000)
  to   space 7168K, 0% used [0x00000007ac700000,0x00000007ac700000,0x00000007ace00000)
 ParOldGen       total 38912K, used 8920K [0x0000000780000000, 0x0000000782600000, 0x00000007aab00000)
  object space 38912K, 22% used [0x0000000780000000,0x00000007808b63b0,0x0000000782600000)
 Metaspace       used 23640K, capacity 25052K, committed 25216K, reserved 1071104K
  class space    used 3565K, capacity 3855K, committed 3968K, reserved 1048576K
}
Event: 182.849 GC heap before
{Heap before GC invocations=11 (full 1):
 PSYoungGen      total 28672K, used 22976K [0x00000007aab00000, 0x00000007ace00000, 0x00000007c0000000)
  eden space 21504K, 100% used [0x00000007aab00000,0x00000007ac000000,0x00000007ac000000)
  from space 7168K, 20% used [0x00000007ac000000,0x00000007ac170000,0x00000007ac700000)
  to   space 7168K, 0% used [0x00000007ac700000,0x00000007ac700000,0x00000007ace00000)
 ParOldGen       total 38912K, used 8920K [0x0000000780000000, 0x0000000782600000, 0x00000007aab00000)
  object space 38912K, 22% used [0x0000000780000000,0x00000007808b63b0,0x0000000782600000)
 Metaspace       used 23641K, capacity 25052K, committed 25216K, reserved 1071104K
  class space    used 3565K, capacity 3855K, committed 3968K, reserved 1048576K
Event: 182.861 GC heap after
Heap after GC invocations=11 (full 1):
 PSYoungGen      total 28672K, used 1504K [0x00000007aab00000, 0x00000007ace00000, 0x00000007c0000000)
  eden space 21504K, 0% used [0x00000007aab00000,0x00000007aab00000,0x00000007ac000000)
  from space 7168K, 20% used [0x00000007ac700000,0x00000007ac878000,0x00000007ace00000)
  to   space 7168K, 0% used [0x00000007ac000000,0x00000007ac000000,0x00000007ac700000)
 ParOldGen       total 38912K, used 8920K [0x0000000780000000, 0x0000000782600000, 0x00000007aab00000)
  object space 38912K, 22% used [0x0000000780000000,0x00000007808b63b0,0x0000000782600000)
 Metaspace       used 23641K, capacity 25052K, committed 25216K, reserved 1071104K
  class space    used 3565K, capacity 3855K, committed 3968K, reserved 1048576K
}
Event: 208.830 GC heap before
{Heap before GC invocations=12 (full 1):
 PSYoungGen      total 28672K, used 23008K [0x00000007aab00000, 0x00000007ace00000, 0x00000007c0000000)
  eden space 21504K, 100% used [0x00000007aab00000,0x00000007ac000000,0x00000007ac000000)
  from space 7168K, 20% used [0x00000007ac700000,0x00000007ac878000,0x00000007ace00000)
  to   space 7168K, 0% used [0x00000007ac000000,0x00000007ac000000,0x00000007ac700000)
 ParOldGen       total 38912K, used 8920K [0x0000000780000000, 0x0000000782600000, 0x00000007aab00000)
  object space 38912K, 22% used [0x0000000780000000,0x00000007808b63b0,0x0000000782600000)
 Metaspace       used 24175K, capacity 25688K, committed 25728K, reserved 1071104K
  class space    used 3649K, capacity 3943K, committed 3968K, reserved 1048576K
Event: 208.838 GC heap after
Heap after GC invocations=12 (full 1):
 PSYoungGen      total 23552K, used 1888K [0x00000007aab00000, 0x00000007acd00000, 0x00000007c0000000)
  eden space 21504K, 0% used [0x00000007aab00000,0x00000007aab00000,0x00000007ac000000)
  from space 2048K, 92% used [0x00000007ac000000,0x00000007ac1d8000,0x00000007ac200000)
  to   space 6656K, 0% used [0x00000007ac680000,0x00000007ac680000,0x00000007acd00000)
 ParOldGen       total 38912K, used 8928K [0x0000000780000000, 0x0000000782600000, 0x00000007aab00000)
  object space 38912K, 22% used [0x0000000780000000,0x00000007808b83b0,0x0000000782600000)
 Metaspace       used 24175K, capacity 25688K, committed 25728K, reserved 1071104K
  class space    used 3649K, capacity 3943K, committed 3968K, reserved 1048576K
}

