# JRE version: Java(TM) SE Runtime Environment (8.0_111-b14) (build 1.8.0_111-b14)
# Java VM: Java HotSpot(TM) 64-Bit Server VM (25.111-b14 mixed mode bsd-amd64 compressed oops)
Heap:
 PSYoungGen      total 24064K, used 7420K [0x00000007aab00000, 0x00000007ad080000, 0x00000007c0000000)
  eden space 16384K, 36% used [0x00000007aab00000,0x00000007ab0cf120,0x00000007abb00000)
  from space 7680K, 19% used [0x00000007ac280000,0x00000007ac3f0000,0x00000007aca00000)
  to   space 7680K, 0% used [0x00000007abb00000,0x00000007abb00000,0x00000007ac280000)
 ParOldGen       total 40448K, used 9332K [0x0000000780000000, 0x0000000782780000, 0x00000007aab00000)
  object space 40448K, 23% used [0x0000000780000000,0x000000078091d0f0,0x0000000782780000)
 Metaspace       used 23395K, capacity 24838K, committed 25088K, reserved 1071104K
  class space    used 3552K, capacity 3840K, committed 3840K, reserved 1048576K
GC Heap History (10 events):
Event: 6.197 GC heap before
{Heap before GC invocations=3 (full 0):
 PSYoungGen      total 18944K, used 18912K [0x00000007aab00000, 0x00000007ac000000, 0x00000007c0000000)
  eden space 16384K, 100% used [0x00000007aab00000,0x00000007abb00000,0x00000007abb00000)
  from space 2560K, 98% used [0x00000007abd80000,0x00000007abff8040,0x00000007ac000000)
  to   space 2560K, 0% used [0x00000007abb00000,0x00000007abb00000,0x00000007abd80000)
 ParOldGen       total 44032K, used 531K [0x0000000780000000, 0x0000000782b00000, 0x00000007aab00000)
  object space 44032K, 1% used [0x0000000780000000,0x0000000780084e48,0x0000000782b00000)
 Metaspace       used 14655K, capacity 15074K, committed 15360K, reserved 1062912K
  class space    used 2097K, capacity 2218K, committed 2304K, reserved 1048576K
Event: 6.219 GC heap after
Heap after GC invocations=3 (full 0):
 PSYoungGen      total 18944K, used 2528K [0x00000007aab00000, 0x00000007ac000000, 0x00000007c0000000)
  eden space 16384K, 0% used [0x00000007aab00000,0x00000007aab00000,0x00000007abb00000)
  from space 2560K, 98% used [0x00000007abb00000,0x00000007abd78020,0x00000007abd80000)
  to   space 2560K, 0% used [0x00000007abd80000,0x00000007abd80000,0x00000007ac000000)
 ParOldGen       total 44032K, used 2403K [0x0000000780000000, 0x0000000782b00000, 0x00000007aab00000)
  object space 44032K, 5% used [0x0000000780000000,0x0000000780258e28,0x0000000782b00000)
 Metaspace       used 14655K, capacity 15074K, committed 15360K, reserved 1062912K
  class space    used 2097K, capacity 2218K, committed 2304K, reserved 1048576K
}
Event: 14.950 GC heap before
{Heap before GC invocations=4 (full 0):
 PSYoungGen      total 18944K, used 18912K [0x00000007aab00000, 0x00000007ac000000, 0x00000007c0000000)
  eden space 16384K, 100% used [0x00000007aab00000,0x00000007abb00000,0x00000007abb00000)
  from space 2560K, 98% used [0x00000007abb00000,0x00000007abd78020,0x00000007abd80000)
  to   space 2560K, 0% used [0x00000007abd80000,0x00000007abd80000,0x00000007ac000000)
 ParOldGen       total 44032K, used 2403K [0x0000000780000000, 0x0000000782b00000, 0x00000007aab00000)
  object space 44032K, 5% used [0x0000000780000000,0x0000000780258e28,0x0000000782b00000)
 Metaspace       used 18400K, capacity 19084K, committed 19456K, reserved 1064960K
  class space    used 2774K, capacity 2945K, committed 3072K, reserved 1048576K
Event: 14.992 GC heap after
Heap after GC invocations=4 (full 0):
 PSYoungGen      total 18944K, used 2528K [0x00000007aab00000, 0x00000007ac000000, 0x00000007c0000000)
  eden space 16384K, 0% used [0x00000007aab00000,0x00000007aab00000,0x00000007abb00000)
  from space 2560K, 98% used [0x00000007abd80000,0x00000007abff8020,0x00000007ac000000)
  to   space 2560K, 0% used [0x00000007abb00000,0x00000007abb00000,0x00000007abd80000)
 ParOldGen       total 44032K, used 6936K [0x0000000780000000, 0x0000000782b00000, 0x00000007aab00000)
  object space 44032K, 15% used [0x0000000780000000,0x00000007806c6188,0x0000000782b00000)
 Metaspace       used 18400K, capacity 19084K, committed 19456K, reserved 1064960K
  class space    used 2774K, capacity 2945K, committed 3072K, reserved 1048576K
}
Event: 17.385 GC heap before
{Heap before GC invocations=5 (full 0):
 PSYoungGen      total 18944K, used 9059K [0x00000007aab00000, 0x00000007ac000000, 0x00000007c0000000)
  eden space 16384K, 39% used [0x00000007aab00000,0x00000007ab160f28,0x00000007abb00000)
  from space 2560K, 98% used [0x00000007abd80000,0x00000007abff8020,0x00000007ac000000)
  to   space 2560K, 0% used [0x00000007abb00000,0x00000007abb00000,0x00000007abd80000)
 ParOldGen       total 44032K, used 6936K [0x0000000780000000, 0x0000000782b00000, 0x00000007aab00000)
  object space 44032K, 15% used [0x0000000780000000,0x00000007806c6188,0x0000000782b00000)
 Metaspace       used 20408K, capacity 21188K, committed 21248K, reserved 1067008K
  class space    used 3131K, capacity 3325K, committed 3328K, reserved 1048576K
Event: 17.402 GC heap after
Heap after GC invocations=5 (full 0):
 PSYoungGen      total 18944K, used 2544K [0x00000007aab00000, 0x00000007aca00000, 0x00000007c0000000)
  eden space 16384K, 0% used [0x00000007aab00000,0x00000007aab00000,0x00000007abb00000)
  from space 2560K, 99% used [0x00000007abb00000,0x00000007abd7c030,0x00000007abd80000)
  to   space 7680K, 0% used [0x00000007ac280000,0x00000007ac280000,0x00000007aca00000)
 ParOldGen       total 44032K, used 7512K [0x0000000780000000, 0x0000000782b00000, 0x00000007aab00000)
  object space 44032K, 17% used [0x0000000780000000,0x0000000780756188,0x0000000782b00000)
 Metaspace       used 20408K, capacity 21188K, committed 21248K, reserved 1067008K
  class space    used 3131K, capacity 3325K, committed 3328K, reserved 1048576K
}
Event: 17.402 GC heap before
{Heap before GC invocations=6 (full 1):
 PSYoungGen      total 18944K, used 2544K [0x00000007aab00000, 0x00000007aca00000, 0x00000007c0000000)
  eden space 16384K, 0% used [0x00000007aab00000,0x00000007aab00000,0x00000007abb00000)
  from space 2560K, 99% used [0x00000007abb00000,0x00000007abd7c030,0x00000007abd80000)
  to   space 7680K, 0% used [0x00000007ac280000,0x00000007ac280000,0x00000007aca00000)
 ParOldGen       total 44032K, used 7512K [0x0000000780000000, 0x0000000782b00000, 0x00000007aab00000)
  object space 44032K, 17% used [0x0000000780000000,0x0000000780756188,0x0000000782b00000)
 Metaspace       used 20408K, capacity 21188K, committed 21248K, reserved 1067008K
  class space    used 3131K, capacity 3325K, committed 3328K, reserved 1048576K
Event: 17.572 GC heap after
Heap after GC invocations=6 (full 1):
 PSYoungGen      total 18944K, used 0K [0x00000007aab00000, 0x00000007aca00000, 0x00000007c0000000)
  eden space 16384K, 0% used [0x00000007aab00000,0x00000007aab00000,0x00000007abb00000)
  from space 2560K, 0% used [0x00000007abb00000,0x00000007abb00000,0x00000007abd80000)
  to   space 7680K, 0% used [0x00000007ac280000,0x00000007ac280000,0x00000007aca00000)
 ParOldGen       total 40448K, used 9324K [0x0000000780000000, 0x0000000782780000, 0x00000007aab00000)
  object space 40448K, 23% used [0x0000000780000000,0x000000078091b0f0,0x0000000782780000)
 Metaspace       used 20408K, capacity 21188K, committed 21248K, reserved 1067008K
  class space    used 3131K, capacity 3325K, committed 3328K, reserved 1048576K
}
Event: 38.197 GC heap before
{Heap before GC invocations=7 (full 1):
 PSYoungGen      total 18944K, used 16384K [0x00000007aab00000, 0x00000007aca00000, 0x00000007c0000000)
  eden space 16384K, 100% used [0x00000007aab00000,0x00000007abb00000,0x00000007abb00000)
  from space 2560K, 0% used [0x00000007abb00000,0x00000007abb00000,0x00000007abd80000)
  to   space 7680K, 0% used [0x00000007ac280000,0x00000007ac280000,0x00000007aca00000)
 ParOldGen       total 40448K, used 9324K [0x0000000780000000, 0x0000000782780000, 0x00000007aab00000)
  object space 40448K, 23% used [0x0000000780000000,0x000000078091b0f0,0x0000000782780000)
 Metaspace       used 23355K, capacity 24710K, committed 24832K, reserved 1071104K
  class space    used 3551K, capacity 3840K, committed 3840K, reserved 1048576K
Event: 38.235 GC heap after
Heap after GC invocations=7 (full 1):
 PSYoungGen      total 24064K, used 1472K [0x00000007aab00000, 0x00000007ad080000, 0x00000007c0000000)
  eden space 16384K, 0% used [0x00000007aab00000,0x00000007aab00000,0x00000007abb00000)
  from space 7680K, 19% used [0x00000007ac280000,0x00000007ac3f0000,0x00000007aca00000)
  to   space 7680K, 0% used [0x00000007abb00000,0x00000007abb00000,0x00000007ac280000)
 ParOldGen       total 40448K, used 9332K [0x0000000780000000, 0x0000000782780000, 0x00000007aab00000)
  object space 40448K, 23% used [0x0000000780000000,0x000000078091d0f0,0x0000000782780000)
 Metaspace       used 23355K, capacity 24710K, committed 24832K, reserved 1071104K
  class space    used 3551K, capacity 3840K, committed 3840K, reserved 1048576K
}

